<?xml version="1.0" encoding="UTF-8" ?>
<testsuite tests="5" failures="0" name="LionTest" time="1.012" errors="0" skipped="0">
  <properties>
[...]
</properties>
  <testcase classname="LionTest" name="testFoodByLine" time="1.007"/>
  <testcase classname="LionTest" name="isLionHaveManeTruTest" time="0.001"/>
  <testcase classname="LionTest" name="getLionDoNotHaveKittensTest" time="0.002"/>
  <testcase classname="LionTest" name="lionGenderExceptionTest" time="0.001"/>
  <testcase classname="LionTest" name="exceptionMessageErrorTest" time="0.001"/>
</testsuite>